<?xml version="1.0" encoding="UTF-8"?>
<testsuites name="jest tests" tests="2" failures="1" errors="0" time="3.288">
  <testsuite name="API Tests" errors="0" failures="1" skipped="0" timestamp="2024-05-17T14:29:51" time="3.17" tests="2">
    <testcase classname="API Tests GET /customers - should return all customers" name="API Tests GET /customers - should return all customers" time="1.465">
    </testcase>
    <testcase classname="API Tests POST /customers - should create a new customers" name="API Tests POST /customers - should create a new customers" time="0.03">
      <failure>Error: expect(received).toBe(expected) // Object.is equality

Expected: 201
Received: 500
    at Object.toBe (C:\Users\ambet\OneDrive\Documents\GitHub\paytonkawa\customers\tests\api.test.js:41:37)
    at processTicksAndRejections (node:internal/process/task_queues:95:5)</failure>
    </testcase>
    <testcase classname=" Test execution failure: could be caused by test hooks like &apos;afterAll&apos;." name=" Test execution failure: could be caused by test hooks like &apos;afterAll&apos;." time="0">
      <failure>{&quot;message&quot;:&quot;&quot;,&quot;stack&quot;:&quot;Error: listen EADDRINUSE: address already in use :::3000\n    at Server.setupListenHandle [as _listen2] (node:net:1872:16)\n    at listenInCluster (node:net:1920:12)\n    at Server.listen (node:net:2008:7)\n    at Function.listen (C:\\Users\\ambet\\OneDrive\\Documents\\GitHub\\paytonkawa\\customers\\node_modules\\express\\lib\\application.js:635:24)\n    at Object.listen (C:\\Users\\ambet\\OneDrive\\Documents\\GitHub\\paytonkawa\\customers\\server.js:51:5)\n    at Runtime._execModule (C:\\Users\\ambet\\OneDrive\\Documents\\GitHub\\paytonkawa\\customers\\node_modules\\jest-runtime\\build\\index.js:1439:24)\n    at Runtime._loadModule (C:\\Users\\ambet\\OneDrive\\Documents\\GitHub\\paytonkawa\\customers\\node_modules\\jest-runtime\\build\\index.js:1022:12)\n    at Runtime.requireModule (C:\\Users\\ambet\\OneDrive\\Documents\\GitHub\\paytonkawa\\customers\\node_modules\\jest-runtime\\build\\index.js:882:12)\n    at Runtime.requireModuleOrMock (C:\\Users\\ambet\\OneDrive\\Documents\\GitHub\\paytonkawa\\customers\\node_modules\\jest-runtime\\build\\index.js:1048:21)\n    at Object.&lt;anonymous&gt; (C:\\Users\\ambet\\OneDrive\\Documents\\GitHub\\paytonkawa\\customers\\tests\\api.test.js:1:36)\n    at Runtime._execModule (C:\\Users\\ambet\\OneDrive\\Documents\\GitHub\\paytonkawa\\customers\\node_modules\\jest-runtime\\build\\index.js:1439:24)\n    at Runtime._loadModule (C:\\Users\\ambet\\OneDrive\\Documents\\GitHub\\paytonkawa\\customers\\node_modules\\jest-runtime\\build\\index.js:1022:12)\n    at Runtime.requireModule (C:\\Users\\ambet\\OneDrive\\Documents\\GitHub\\paytonkawa\\customers\\node_modules\\jest-runtime\\build\\index.js:882:12)\n    at jestAdapter (C:\\Users\\ambet\\OneDrive\\Documents\\GitHub\\paytonkawa\\customers\\node_modules\\jest-circus\\build\\legacy-code-todo-rewrite\\jestAdapter.js:77:13)\n    at runTestInternal (C:\\Users\\ambet\\OneDrive\\Documents\\GitHub\\paytonkawa\\customers\\node_modules\\jest-runner\\build\\runTest.js:367:16)\n    at runTest (C:\\Users\\ambet\\OneDrive\\Documents\\GitHub\\paytonkawa\\customers\\node_modules\\jest-runner\\build\\runTest.js:444:34)&quot;}</failure>
    </testcase>
  </testsuite>
</testsuites>